[2014-10-01 02:17:26] START
[2014-10-01 02:17:50] CREATE newdb.py: 0
[2014-10-01 02:39:47] EDIT AcademicaGame/models/newdb.py: 18
[2014-10-01 02:40:01] EDIT AcademicaGame/models/newdb.py: 0
[2014-10-01 02:40:52] EDIT AcademicaGame/models/newdb.py: -1
[2014-10-01 02:42:19] EDIT AcademicaGame/models/newdb.py: 0
[2014-10-01 03:18:27] EDIT AcademicaGame/models/newdb.py: 14
[2014-10-01 03:57:04] EDIT AcademicaGame/models/newdb.py: 6
[2014-10-01 03:57:06] EDIT AcademicaGame/models/newdb.py: 0
[2014-10-01 04:09:27] EDIT AcademicaGame/models/newdb.py: 2
[2014-10-01 04:14:32] EDIT AcademicaGame/models/newdb.py: 0
[2014-10-01 04:29:10] EDIT AcademicaGame/models/newdb.py: 0
[2014-10-01 06:54:34] CREATE admin.py: 0
[2014-10-01 07:04:29] EDIT AcademicaGame/controllers/admin.py: 24
[2014-10-01 07:05:36] EDIT AcademicaGame/controllers/admin.py: 0
[2014-10-01 07:09:31] EDIT AcademicaGame/controllers/admin.py: 1
[2014-10-01 07:10:30] EDIT AcademicaGame/controllers/admin.py: 0
[2014-10-01 07:16:06] EDIT AcademicaGame/controllers/admin.py: 0
[2014-10-01 07:16:35] UPLOAD /home/eddiel/ProyectoTerminal/Web2py/web2py/applications/AcademicaGame/static/materias.xml: 591
[2014-10-01 07:27:32] EDIT AcademicaGame/controllers/admin.py: 1
[2014-10-01 07:28:16] EDIT AcademicaGame/controllers/admin.py: 0
[2014-10-01 07:28:54] EDIT AcademicaGame/controllers/admin.py: 0
[2014-10-01 07:30:01] EDIT AcademicaGame/controllers/admin.py: 0
[2014-10-01 07:30:15] EDIT AcademicaGame/controllers/admin.py: 0
[2014-10-01 07:30:33] EDIT AcademicaGame/controllers/admin.py: 0
[2014-10-01 07:31:27] EDIT AcademicaGame/controllers/admin.py: 0
[2014-10-01 07:42:08] EDIT AcademicaGame/controllers/admin.py: 2
[2014-10-01 07:42:14] EDIT AcademicaGame/controllers/admin.py: 0
[2014-10-01 07:42:23] EDIT AcademicaGame/controllers/admin.py: 0
[2014-10-01 07:42:53] EDIT AcademicaGame/controllers/admin.py: 0
[2014-10-01 07:53:11] EDIT AcademicaGame/controllers/admin.py: 16
[2014-10-01 07:53:30] UPLOAD /home/eddiel/ProyectoTerminal/Web2py/web2py/applications/AcademicaGame/static/docentes.xml: 15
[2014-10-01 07:54:24] EDIT AcademicaGame/controllers/admin.py: -1
[2014-10-01 07:55:41] EDIT AcademicaGame/controllers/admin.py: 0
[2014-10-01 07:57:26] EDIT AcademicaGame/controllers/admin.py: 0
[2014-10-01 07:57:56] EDIT AcademicaGame/controllers/admin.py: 0
[2014-10-01 07:58:35] EDIT AcademicaGame/controllers/admin.py: -6
[2014-10-01 07:59:23] EDIT AcademicaGame/controllers/admin.py: 0
[2014-10-02 02:57:11] EDIT AcademicaGame/controllers/admin.py: 3
[2014-10-02 02:57:42] CREATE admin/index.html: 0
[2014-10-02 02:58:51] EDIT AcademicaGame/views/admin/index.html: -1
[2014-10-02 03:00:25] EDIT AcademicaGame/views/admin/index.html: 0
[2014-10-02 03:04:06] EDIT AcademicaGame/controllers/admin.py: 1
[2014-10-02 03:05:06] EDIT AcademicaGame/controllers/admin.py: 0
[2014-10-02 03:05:09] EDIT AcademicaGame/controllers/admin.py: 0
[2014-10-02 03:06:04] EDIT AcademicaGame/controllers/admin.py: 0
[2014-10-02 03:06:16] EDIT AcademicaGame/controllers/admin.py: 0
[2014-10-02 03:07:27] EDIT AcademicaGame/controllers/admin.py: 0
[2014-10-02 03:08:45] EDIT AcademicaGame/controllers/admin.py: 0
[2014-10-02 03:08:54] EDIT AcademicaGame/controllers/admin.py: 0
[2014-10-02 03:10:12] EDIT AcademicaGame/controllers/admin.py: 0
[2014-10-02 03:10:21] EDIT AcademicaGame/controllers/admin.py: 0
[2014-10-02 03:13:16] EDIT AcademicaGame/controllers/admin.py: 1
[2014-10-02 03:26:10] EDIT AcademicaGame/controllers/admin.py: 1
[2014-10-02 03:58:22] EDIT AcademicaGame/controllers/admin.py: 11
[2014-10-02 03:58:32] EDIT AcademicaGame/controllers/admin.py: 0
[2014-10-02 03:58:36] EDIT AcademicaGame/controllers/admin.py: 0
[2014-10-02 03:59:28] EDIT AcademicaGame/controllers/admin.py: -1
[2014-10-02 04:00:11] EDIT AcademicaGame/controllers/admin.py: 1
[2014-10-02 04:00:15] EDIT AcademicaGame/controllers/admin.py: 0
[2014-10-02 04:02:19] EDIT AcademicaGame/controllers/admin.py: 3
[2014-10-02 04:02:56] EDIT AcademicaGame/controllers/admin.py: 0
[2014-10-02 04:02:58] EDIT AcademicaGame/controllers/admin.py: 0
[2014-10-02 04:03:51] EDIT AcademicaGame/controllers/admin.py: 0
[2014-10-02 04:05:06] EDIT AcademicaGame/controllers/admin.py: 0
[2014-10-02 04:15:47] EDIT AcademicaGame/controllers/admin.py: 9
[2014-10-02 04:17:38] EDIT AcademicaGame/controllers/admin.py: 0
[2014-10-02 04:29:25] EDIT AcademicaGame/controllers/admin.py: 0
[2014-10-02 04:30:08] EDIT AcademicaGame/controllers/admin.py: 0
[2014-10-02 04:30:30] EDIT AcademicaGame/controllers/admin.py: 0
[2014-10-02 04:30:37] EDIT AcademicaGame/controllers/admin.py: 0
[2014-10-02 04:31:33] EDIT AcademicaGame/controllers/admin.py: 0
[2014-10-02 04:32:28] EDIT AcademicaGame/controllers/admin.py: 0
[2014-10-02 04:34:07] EDIT AcademicaGame/controllers/admin.py: 0
[2014-10-02 04:35:16] EDIT AcademicaGame/controllers/admin.py: 0
[2014-10-02 04:36:24] EDIT AcademicaGame/controllers/admin.py: 0
[2014-10-02 04:37:44] EDIT AcademicaGame/controllers/admin.py: 1
[2014-10-02 04:40:48] EDIT AcademicaGame/controllers/admin.py: 0
[2014-10-02 04:42:33] EDIT AcademicaGame/controllers/admin.py: 1
[2014-10-02 04:44:27] EDIT AcademicaGame/controllers/admin.py: 1
[2014-10-02 04:45:01] EDIT AcademicaGame/controllers/admin.py: 0
[2014-10-02 04:46:17] EDIT AcademicaGame/controllers/admin.py: 0
[2014-10-02 13:28:32] EDIT AcademicaGame/controllers/admin.py: 4
[2014-10-02 13:29:22] EDIT AcademicaGame/controllers/admin.py: 0
[2014-10-02 13:31:27] EDIT AcademicaGame/controllers/admin.py: 0
[2014-10-02 13:32:53] EDIT AcademicaGame/controllers/admin.py: 0
[2014-10-02 13:35:11] EDIT AcademicaGame/controllers/admin.py: 0
[2014-10-02 13:43:15] EDIT AcademicaGame/controllers/admin.py: 1
[2014-10-02 13:44:14] EDIT AcademicaGame/controllers/admin.py: 0
[2014-10-02 13:45:21] EDIT AcademicaGame/controllers/admin.py: 1
[2014-10-02 13:50:43] EDIT AcademicaGame/views/admin/index.html: 0
[2014-10-02 13:51:06] EDIT AcademicaGame/views/admin/index.html: 0
[2014-10-02 13:52:12] EDIT AcademicaGame/views/admin/index.html: 2
[2014-10-02 13:53:27] EDIT AcademicaGame/views/admin/index.html: 6
[2014-10-02 13:53:59] EDIT AcademicaGame/views/admin/index.html: 0
[2014-10-02 13:56:05] EDIT AcademicaGame/views/admin/index.html: 0
[2014-10-02 13:56:27] EDIT AcademicaGame/views/admin/index.html: 0
[2014-10-02 13:58:09] EDIT AcademicaGame/views/admin/index.html: 0
[2014-10-02 13:59:20] EDIT AcademicaGame/views/admin/index.html: 0
[2014-10-02 14:00:22] EDIT AcademicaGame/views/admin/index.html: 0
[2014-10-02 14:00:38] EDIT AcademicaGame/views/admin/index.html: 0
[2014-10-02 14:00:59] EDIT AcademicaGame/views/admin/index.html: 0
[2014-10-02 14:01:38] EDIT AcademicaGame/views/admin/index.html: 0
[2014-10-02 14:01:43] EDIT AcademicaGame/views/admin/index.html: 0
[2014-10-02 14:02:07] EDIT AcademicaGame/views/admin/index.html: 0
[2014-10-02 14:02:50] EDIT AcademicaGame/views/admin/index.html: 0
[2014-10-02 14:04:02] EDIT AcademicaGame/views/admin/index.html: 0
[2014-10-02 14:04:41] EDIT AcademicaGame/views/admin/index.html: 0
[2014-10-02 14:05:29] EDIT AcademicaGame/views/admin/index.html: 0
[2014-10-02 14:05:45] EDIT AcademicaGame/views/admin/index.html: 0
[2014-10-02 14:05:55] EDIT AcademicaGame/views/admin/index.html: 0
[2014-10-02 14:07:48] EDIT AcademicaGame/views/admin/index.html: 0
[2014-10-02 14:08:32] EDIT AcademicaGame/views/admin/index.html: 0
[2014-10-02 14:08:58] EDIT AcademicaGame/views/admin/index.html: 0
